<?xml version="1.0" encoding="UTF-8"?>
<testng-results skipped="0" failed="0" total="1" passed="1">
  <reporter-output>
  </reporter-output>
  <suite name="Default suite" duration-ms="2424" started-at="2017-10-12T10:16:40Z" finished-at="2017-10-12T10:16:42Z">
    <groups>
    </groups>
    <test name="Default test" duration-ms="2424" started-at="2017-10-12T10:16:40Z" finished-at="2017-10-12T10:16:42Z">
      <class name="TestScenarios.ExtractPDF">
        <test-method status="PASS" signature="ExtractPDF()[pri:0, instance:TestScenarios.ExtractPDF@4bec1f0c]" name="ExtractPDF" duration-ms="2404" started-at="2017-10-12T15:46:40Z" finished-at="2017-10-12T15:46:42Z">
          <reporter-output>
          </reporter-output>
        </test-method> <!-- ExtractPDF -->
      </class> <!-- TestScenarios.ExtractPDF -->
    </test> <!-- Default test -->
  </suite> <!-- Default suite -->
</testng-results>
