<?xml version="1.0" encoding="UTF-8"?>
<testng-results skipped="0" failed="0" total="2" passed="2">
  <reporter-output>
  </reporter-output>
  <suite name="Suite" duration-ms="84223" started-at="2017-10-09T11:32:16Z" finished-at="2017-10-09T11:33:40Z">
    <groups>
    </groups>
    <test name="Test" duration-ms="84223" started-at="2017-10-09T11:32:16Z" finished-at="2017-10-09T11:33:40Z">
      <class name="TestScenarios.DemoVtigettest">
        <test-method status="PASS" signature="startbrowser(java.lang.String)[pri:0, instance:TestScenarios.DemoVtigettest@5db250b4]" name="startbrowser" is-config="true" duration-ms="47205" started-at="2017-10-09T17:02:16Z" finished-at="2017-10-09T17:03:03Z">
          <params>
            <param index="0">
              <value>
                <![CDATA[firefox]]>
              </value>
            </param>
          </params>
          <reporter-output>
          </reporter-output>
        </test-method> <!-- startbrowser -->
        <test-method status="PASS" signature="testLoginvtiger()[pri:0, instance:TestScenarios.DemoVtigettest@5db250b4]" name="testLoginvtiger" duration-ms="35716" started-at="2017-10-09T17:03:03Z" finished-at="2017-10-09T17:03:39Z">
          <reporter-output>
          </reporter-output>
        </test-method> <!-- testLoginvtiger -->
        <test-method status="PASS" signature="endTestCase(org.testng.ITestResult)[pri:0, instance:TestScenarios.DemoVtigettest@5db250b4]" name="endTestCase" is-config="true" duration-ms="1131" started-at="2017-10-09T17:03:39Z" finished-at="2017-10-09T17:03:40Z">
          <params>
            <param index="0">
              <value>
                <![CDATA[[TestResult name=testLoginvtiger status=SUCCESS method=DemoVtigettest.testLoginvtiger()[pri:0, instance:TestScenarios.DemoVtigettest@5db250b4] output={null}]]]>
              </value>
            </param>
          </params>
          <reporter-output>
          </reporter-output>
        </test-method> <!-- endTestCase -->
        <test-method status="PASS" signature="VerifyTitle()[pri:0, instance:TestScenarios.DemoVtigettest@5db250b4]" name="VerifyTitle" duration-ms="2" started-at="2017-10-09T17:03:40Z" finished-at="2017-10-09T17:03:40Z">
          <reporter-output>
          </reporter-output>
        </test-method> <!-- VerifyTitle -->
        <test-method status="PASS" signature="endTestCase(org.testng.ITestResult)[pri:0, instance:TestScenarios.DemoVtigettest@5db250b4]" name="endTestCase" is-config="true" duration-ms="118" started-at="2017-10-09T17:03:40Z" finished-at="2017-10-09T17:03:40Z">
          <params>
            <param index="0">
              <value>
                <![CDATA[[TestResult name=VerifyTitle status=SUCCESS method=DemoVtigettest.VerifyTitle()[pri:0, instance:TestScenarios.DemoVtigettest@5db250b4] output={null}]]]>
              </value>
            </param>
          </params>
          <reporter-output>
          </reporter-output>
        </test-method> <!-- endTestCase -->
        <test-method status="PASS" signature="tearDown()[pri:0, instance:TestScenarios.DemoVtigettest@5db250b4]" name="tearDown" is-config="true" duration-ms="10247" started-at="2017-10-09T17:03:41Z" finished-at="2017-10-09T17:03:51Z">
          <reporter-output>
          </reporter-output>
        </test-method> <!-- tearDown -->
      </class> <!-- TestScenarios.DemoVtigettest -->
    </test> <!-- Test -->
  </suite> <!-- Suite -->
</testng-results>
